Using pre-set license
Built from '2020.3/staging' branch; Version is '2020.3.17f1 (a4537701e4ab) revision 10769271'; Using compiler version '192528614'; Build Type 'Release'
OS: 'Windows 10 Pro; OS build 19042.1237; Version 2009; 64bit' Language: 'en' Physical Memory: 8075 MB
BatchMode: 1, IsHumanControllingUs: 0, StartBugReporterOnCrash: 0, Is64bit: 1, IsPro: 0

COMMAND LINE ARGUMENTS:
D:\Unity\2020.3.17f1\Editor\Unity.exe
-adb2
-batchMode
-noUpm
-name
AssetImportWorker1
-projectPath
D:/CE64_VR_Project/GAME/AI/VR-Fighter-Game
-logFile
Logs/AssetImportWorker1.log
-srvPort
65496
Successfully changed project path to: D:/CE64_VR_Project/GAME/AI/VR-Fighter-Game
D:/CE64_VR_Project/GAME/AI/VR-Fighter-Game
Using Asset Import Pipeline V2.
Refreshing native plugins compatible for Editor in 123.74 ms, found 4 plugins.
Preloading 0 native plugins for Editor in 0.00 ms.
Initialize engine version: 2020.3.17f1 (a4537701e4ab)
[Subsystems] Discovering subsystems at path D:/Unity/2020.3.17f1/Editor/Data/Resources/UnitySubsystems
[Subsystems] Discovering subsystems at path D:/CE64_VR_Project/GAME/AI/VR-Fighter-Game/Assets
GfxDevice: creating device client; threaded=0
Direct3D:
    Version:  Direct3D 11.0 [level 11.1]
    Renderer: NVIDIA GeForce GTX 1050 Ti (ID=0x1c8c)
    Vendor:   
    VRAM:     4021 MB
    Driver:   30.0.14.7141
Initialize mono
Mono path[0] = 'D:/Unity/2020.3.17f1/Editor/Data/Managed'
Mono path[1] = 'D:/Unity/2020.3.17f1/Editor/Data/MonoBleedingEdge/lib/mono/unityjit'
Mono config path = 'D:/Unity/2020.3.17f1/Editor/Data/MonoBleedingEdge/etc'
Using monoOptions --debugger-agent=transport=dt_socket,embedding=1,server=y,suspend=n,address=127.0.0.1:56236
Begin MonoManager ReloadAssembly
Registering precompiled unity dll's ...
Register platform support module: D:/Unity/2020.3.17f1/Editor/Data/PlaybackEngines/WindowsStandaloneSupport/UnityEditor.WindowsStandalone.Extensions.dll
Registered in 0.001391 seconds.
Native extension for WindowsStandalone target not found
Refreshing native plugins compatible for Editor in 103.19 ms, found 4 plugins.
Preloading 0 native plugins for Editor in 0.00 ms.
Mono: successfully reloaded assembly
- Completed reload, in  1.122 seconds
Domain Reload Profiling:
	ReloadAssembly (1123ms)
		BeginReloadAssembly (63ms)
			ExecutionOrderSort (0ms)
			DisableScriptedObjects (0ms)
			BackupInstance (0ms)
			ReleaseScriptingObjects (0ms)
			CreateAndSetChildDomain (1ms)
		EndReloadAssembly (539ms)
			LoadAssemblies (62ms)
			RebuildTransferFunctionScriptingTraits (0ms)
			SetupTypeCache (174ms)
			ReleaseScriptCaches (0ms)
			RebuildScriptCaches (34ms)
			SetupLoadedEditorAssemblies (254ms)
				LogAssemblyErrors (0ms)
				InitializePlatformSupportModulesInManaged (4ms)
				SetLoadedEditorAssemblies (0ms)
				RefreshPlugins (103ms)
				BeforeProcessingInitializeOnLoad (13ms)
				ProcessInitializeOnLoadAttributes (101ms)
				ProcessInitializeOnLoadMethodAttributes (32ms)
				AfterProcessingInitializeOnLoad (0ms)
				EditorAssembliesLoaded (0ms)
			ExecutionOrderSort2 (0ms)
			AwakeInstancesAfterBackupRestoration (0ms)
Platform modules already initialized, skipping
Registering precompiled user dll's ...
Registered in 0.008286 seconds.
Begin MonoManager ReloadAssembly
Symbol file LoadedFromMemory doesn't match image D:\CE64_VR_Project\GAME\AI\VR-Fighter-Game\Library\PackageCache\com.unity.visualscripting@1.6.1\Editor\VisualScripting.Core\Dependencies\YamlDotNet\Unity.VisualScripting.YamlDotNet.dll
Symbol file LoadedFromMemory doesn't match image D:\CE64_VR_Project\GAME\AI\VR-Fighter-Game\Library\PackageCache\com.unity.visualscripting@1.6.1\Editor\VisualScripting.Core\Dependencies\DotNetZip\Unity.VisualScripting.IonicZip.dll
Native extension for WindowsStandalone target not found
Refreshing native plugins compatible for Editor in 115.65 ms, found 4 plugins.
Preloading 0 native plugins for Editor in 0.00 ms.
Mono: successfully reloaded assembly
- Completed reload, in  5.634 seconds
Domain Reload Profiling:
	ReloadAssembly (5720ms)
		BeginReloadAssembly (165ms)
			ExecutionOrderSort (0ms)
			DisableScriptedObjects (5ms)
			BackupInstance (0ms)
			ReleaseScriptingObjects (0ms)
			CreateAndSetChildDomain (21ms)
		EndReloadAssembly (5484ms)
			LoadAssemblies (1706ms)
			RebuildTransferFunctionScriptingTraits (0ms)
			SetupTypeCache (444ms)
			ReleaseScriptCaches (1ms)
			RebuildScriptCaches (61ms)
			SetupLoadedEditorAssemblies (2915ms)
				LogAssemblyErrors (0ms)
				InitializePlatformSupportModulesInManaged (23ms)
				SetLoadedEditorAssemblies (0ms)
				RefreshPlugins (116ms)
				BeforeProcessingInitializeOnLoad (116ms)
				ProcessInitializeOnLoadAttributes (2652ms)
				ProcessInitializeOnLoadMethodAttributes (5ms)
				AfterProcessingInitializeOnLoad (3ms)
				EditorAssembliesLoaded (0ms)
			ExecutionOrderSort2 (0ms)
			AwakeInstancesAfterBackupRestoration (7ms)
Platform modules already initialized, skipping
========================================================================
Worker process is ready to serve import requests
Launched and connected shader compiler UnityShaderCompiler.exe after 0.15 seconds
Refreshing native plugins compatible for Editor in 1.07 ms, found 4 plugins.
Preloading 0 native plugins for Editor in 0.00 ms.
Unloading 3483 Unused Serialized files (Serialized files now loaded: 0)
System memory in use before: 130.5 MB.
System memory in use after: 130.7 MB.

Unloading 35 unused Assets to reduce memory usage. Loaded Objects now: 3900.
Total: 5.518400 ms (FindLiveObjects: 0.437800 ms CreateObjectMapping: 0.235700 ms MarkObjects: 4.741800 ms  DeleteObjects: 0.101600 ms)

AssetImportParameters requested are different than current active one (requested -> active):
  custom:framework-win-MediaFoundation: 216162199b28c13a410421893ffa2e32 -> 
  custom:video-decoder-ogg-theora: a1e56fd34408186e4bbccfd4996cb3dc -> 
  custom:container-muxer-webm: aa71ff27fc2769a1b78a27578f13a17b -> 
  custom:container-demuxer-webm: 4f35f7cbe854078d1ac9338744f61a02 -> 
  custom:container-demuxer-ogg: 62fdf1f143b41e24485cea50d1cbac27 -> 
  custom:video-encoder-webm-vp8: eb34c28f22e8b96e1ab97ce403110664 -> 
  custom:video-decoder-webm-vp8: 9c59270c3fd7afecdb556c50c9e8de78 -> 
  custom:audio-decoder-ogg-vorbis: bf7c407c2cedff20999df2af8eb42d56 -> 
  custom:audio-encoder-webm-vorbis: bf7c407c2cedff20999df2af8eb42d56 -> 
========================================================================
Received Import Request.
  path: Assets/Demos
  artifactKey: Guid(930992353366f144dbbb792fd793b254) Importer(815301076,1909f56bfc062723c751e8b465ee728b)
Start importing Assets/Demos using Guid(930992353366f144dbbb792fd793b254) Importer(815301076,1909f56bfc062723c751e8b465ee728b)  -> (artifact id: 'a9d8ea6bab726431dad15a9935a0f317') in 0.010095 seconds 
  Import took 0.043366 seconds .

========================================================================
Received Import Request.
  Time since last request: 47.839990 seconds.
  path: Assets/Configuration/results/ppo/Default.onnx
  artifactKey: Guid(943d7855217a9ca4fba1e47534404628) Importer(815301076,1909f56bfc062723c751e8b465ee728b)
Start importing Assets/Configuration/results/ppo/Default.onnx using Guid(943d7855217a9ca4fba1e47534404628) Importer(815301076,1909f56bfc062723c751e8b465ee728b)  -> (artifact id: '3ad0c77f8e58db13858a54879268f2d3') in 0.104132 seconds 
  Import took 0.148767 seconds .

========================================================================
Received Import Request.
  Time since last request: 0.000551 seconds.
  path: Assets/Configuration/results/Attacking_R2Collision/Default.onnx
  artifactKey: Guid(f0e25a35e856e494694fa002d62b67bd) Importer(815301076,1909f56bfc062723c751e8b465ee728b)
Start importing Assets/Configuration/results/Attacking_R2Collision/Default.onnx using Guid(f0e25a35e856e494694fa002d62b67bd) Importer(815301076,1909f56bfc062723c751e8b465ee728b)  -> (artifact id: '30f68ba26e7594c912f002b299d58323') in 0.007904 seconds 
  Import took 0.040232 seconds .

========================================================================
Received Import Request.
  Time since last request: 0.013886 seconds.
  path: Assets/Configuration/results/ppo/Default/Default-499975.onnx
  artifactKey: Guid(2aea35092ed64d449a25e3fb9d404639) Importer(815301076,1909f56bfc062723c751e8b465ee728b)
Start importing Assets/Configuration/results/ppo/Default/Default-499975.onnx using Guid(2aea35092ed64d449a25e3fb9d404639) Importer(815301076,1909f56bfc062723c751e8b465ee728b)  -> (artifact id: 'e843d81d3e62233b4e9f1cb3bac1d969') in 0.009369 seconds 
  Import took 0.047856 seconds .

========================================================================
Received Import Request.
  Time since last request: 0.000496 seconds.
  path: Assets/Configuration/results/Attacking_DR2Collision/Default.onnx
  artifactKey: Guid(a0b1f25d4ae628247a4380a9114d9c5f) Importer(815301076,1909f56bfc062723c751e8b465ee728b)
Start importing Assets/Configuration/results/Attacking_DR2Collision/Default.onnx using Guid(a0b1f25d4ae628247a4380a9114d9c5f) Importer(815301076,1909f56bfc062723c751e8b465ee728b)  -> (artifact id: '656ec58e9cbdce6cb166c8951c703c4f') in 0.009149 seconds 
  Import took 0.066895 seconds .

========================================================================
Received Import Request.
  Time since last request: 0.000476 seconds.
  path: Assets/Configuration/results/Attacking_DR2Collision_V2/Default.onnx
  artifactKey: Guid(0e89b79bb76afa34bb9692a74ee27ad3) Importer(815301076,1909f56bfc062723c751e8b465ee728b)
Start importing Assets/Configuration/results/Attacking_DR2Collision_V2/Default.onnx using Guid(0e89b79bb76afa34bb9692a74ee27ad3) Importer(815301076,1909f56bfc062723c751e8b465ee728b)  -> (artifact id: '90d5ef6b6847fbb9ef66178e0a35d4a2') in 0.008320 seconds 
  Import took 0.025453 seconds .

========================================================================
Received Import Request.
  Time since last request: 0.000473 seconds.
  path: Assets/Configuration/results/Attacking_DR2Collision_UPGRADE/Default.onnx
  artifactKey: Guid(a64050892eb9a3543be2f6f069d35c4d) Importer(815301076,1909f56bfc062723c751e8b465ee728b)
Start importing Assets/Configuration/results/Attacking_DR2Collision_UPGRADE/Default.onnx using Guid(a64050892eb9a3543be2f6f069d35c4d) Importer(815301076,1909f56bfc062723c751e8b465ee728b)  -> (artifact id: '28da861735cfe2afdd4243a084f32070') in 0.010789 seconds 
  Import took 0.025572 seconds .

========================================================================
Received Import Request.
  Time since last request: 0.000534 seconds.
  path: Assets/Configuration/results/testAttack_penalty01/Default/Default-499975.onnx
  artifactKey: Guid(7bf7242f97995894aaa32949bc708ba6) Importer(815301076,1909f56bfc062723c751e8b465ee728b)
Start importing Assets/Configuration/results/testAttack_penalty01/Default/Default-499975.onnx using Guid(7bf7242f97995894aaa32949bc708ba6) Importer(815301076,1909f56bfc062723c751e8b465ee728b)  -> (artifact id: '75514d8da0d17054053af6db64db5c4e') in 0.015633 seconds 
  Import took 0.024136 seconds .

========================================================================
Received Import Request.
  Time since last request: 0.000527 seconds.
  path: Assets/Configuration/results/walking_completely/Default.onnx
  artifactKey: Guid(1ab8d773cf94779478cd656d864f5cf6) Importer(815301076,1909f56bfc062723c751e8b465ee728b)
Start importing Assets/Configuration/results/walking_completely/Default.onnx using Guid(1ab8d773cf94779478cd656d864f5cf6) Importer(815301076,1909f56bfc062723c751e8b465ee728b)  -> (artifact id: '0699de77508313511b985e1b1c583c5e') in 0.009591 seconds 
  Import took 0.034910 seconds .

========================================================================
Received Import Request.
  Time since last request: 0.000494 seconds.
  path: Assets/Configuration/results/Attacking_V1/Default.onnx
  artifactKey: Guid(19fa2b2860840ee499a424aec1e8cbbe) Importer(815301076,1909f56bfc062723c751e8b465ee728b)
Start importing Assets/Configuration/results/Attacking_V1/Default.onnx using Guid(19fa2b2860840ee499a424aec1e8cbbe) Importer(815301076,1909f56bfc062723c751e8b465ee728b)  -> (artifact id: '496cd8ba19183bb043bc63770335cc4c') in 0.011197 seconds 
  Import took 0.029093 seconds .

========================================================================
Received Import Request.
  Time since last request: 0.000525 seconds.
  path: Assets/Configuration/results/walking/Default.onnx
  artifactKey: Guid(72537eba065b279429d30096b2b1f59f) Importer(815301076,1909f56bfc062723c751e8b465ee728b)
Start importing Assets/Configuration/results/walking/Default.onnx using Guid(72537eba065b279429d30096b2b1f59f) Importer(815301076,1909f56bfc062723c751e8b465ee728b)  -> (artifact id: 'ab6d18127f1fc6ae61c4de11bcfa88d7') in 0.014771 seconds 
  Import took 0.029185 seconds .

========================================================================
Received Import Request.
  Time since last request: 0.000522 seconds.
  path: Assets/Configuration/results/testAttack_penalty01/Default.onnx
  artifactKey: Guid(64185b4c2b7748b439b8c2ac30481703) Importer(815301076,1909f56bfc062723c751e8b465ee728b)
Start importing Assets/Configuration/results/testAttack_penalty01/Default.onnx using Guid(64185b4c2b7748b439b8c2ac30481703) Importer(815301076,1909f56bfc062723c751e8b465ee728b)  -> (artifact id: '0ea9c1e898632ef984c52d5230da78c1') in 0.010537 seconds 
  Import took 0.029565 seconds .

========================================================================
Received Prepare
Registering precompiled user dll's ...
Registered in 0.074183 seconds.
Begin MonoManager ReloadAssembly
Symbol file LoadedFromMemory doesn't match image D:\CE64_VR_Project\GAME\AI\VR-Fighter-Game\Library\PackageCache\com.unity.visualscripting@1.6.1\Editor\VisualScripting.Core\Dependencies\YamlDotNet\Unity.VisualScripting.YamlDotNet.dll
Symbol file LoadedFromMemory doesn't match image D:\CE64_VR_Project\GAME\AI\VR-Fighter-Game\Library\PackageCache\com.unity.visualscripting@1.6.1\Editor\VisualScripting.Core\Dependencies\DotNetZip\Unity.VisualScripting.IonicZip.dll
Native extension for WindowsStandalone target not found
Refreshing native plugins compatible for Editor in 1.02 ms, found 4 plugins.
Preloading 0 native plugins for Editor in 0.00 ms.
Mono: successfully reloaded assembly
- Completed reload, in  2.496 seconds
Domain Reload Profiling:
	ReloadAssembly (2498ms)
		BeginReloadAssembly (242ms)
			ExecutionOrderSort (0ms)
			DisableScriptedObjects (10ms)
			BackupInstance (0ms)
			ReleaseScriptingObjects (0ms)
			CreateAndSetChildDomain (85ms)
		EndReloadAssembly (2149ms)
			LoadAssemblies (247ms)
			RebuildTransferFunctionScriptingTraits (0ms)
			SetupTypeCache (695ms)
			ReleaseScriptCaches (4ms)
			RebuildScriptCaches (84ms)
			SetupLoadedEditorAssemblies (968ms)
				LogAssemblyErrors (0ms)
				InitializePlatformSupportModulesInManaged (7ms)
				SetLoadedEditorAssemblies (1ms)
				RefreshPlugins (1ms)
				BeforeProcessingInitializeOnLoad (173ms)
				ProcessInitializeOnLoadAttributes (773ms)
				ProcessInitializeOnLoadMethodAttributes (9ms)
				AfterProcessingInitializeOnLoad (4ms)
				EditorAssembliesLoaded (1ms)
			ExecutionOrderSort2 (0ms)
			AwakeInstancesAfterBackupRestoration (14ms)
Platform modules already initialized, skipping
Refreshing native plugins compatible for Editor in 1.28 ms, found 4 plugins.
Preloading 0 native plugins for Editor in 0.00 ms.
Unloading 3477 Unused Serialized files (Serialized files now loaded: 0)
System memory in use before: 130.5 MB.
System memory in use after: 130.7 MB.

Unloading 30 unused Assets to reduce memory usage. Loaded Objects now: 3902.
Total: 7.048400 ms (FindLiveObjects: 0.485500 ms CreateObjectMapping: 0.446200 ms MarkObjects: 6.058000 ms  DeleteObjects: 0.056700 ms)

AssetImportParameters requested are different than current active one (requested -> active):
  custom:framework-win-MediaFoundation: 216162199b28c13a410421893ffa2e32 -> 
  custom:video-decoder-ogg-theora: a1e56fd34408186e4bbccfd4996cb3dc -> 
  custom:container-muxer-webm: aa71ff27fc2769a1b78a27578f13a17b -> 
  custom:container-demuxer-webm: 4f35f7cbe854078d1ac9338744f61a02 -> 
  custom:container-demuxer-ogg: 62fdf1f143b41e24485cea50d1cbac27 -> 
  custom:video-encoder-webm-vp8: eb34c28f22e8b96e1ab97ce403110664 -> 
  custom:video-decoder-webm-vp8: 9c59270c3fd7afecdb556c50c9e8de78 -> 
  custom:audio-decoder-ogg-vorbis: bf7c407c2cedff20999df2af8eb42d56 -> 
  custom:audio-encoder-webm-vorbis: bf7c407c2cedff20999df2af8eb42d56 -> 
========================================================================
Received Prepare
Registering precompiled user dll's ...
Registered in 0.019187 seconds.
Begin MonoManager ReloadAssembly
Symbol file LoadedFromMemory doesn't match image D:\CE64_VR_Project\GAME\AI\VR-Fighter-Game\Library\PackageCache\com.unity.visualscripting@1.6.1\Editor\VisualScripting.Core\Dependencies\YamlDotNet\Unity.VisualScripting.YamlDotNet.dll
Symbol file LoadedFromMemory doesn't match image D:\CE64_VR_Project\GAME\AI\VR-Fighter-Game\Library\PackageCache\com.unity.visualscripting@1.6.1\Editor\VisualScripting.Core\Dependencies\DotNetZip\Unity.VisualScripting.IonicZip.dll
Native extension for WindowsStandalone target not found
Refreshing native plugins compatible for Editor in 1.26 ms, found 4 plugins.
Preloading 0 native plugins for Editor in 0.00 ms.
Mono: successfully reloaded assembly
- Completed reload, in  1.722 seconds
Domain Reload Profiling:
	ReloadAssembly (1723ms)
		BeginReloadAssembly (135ms)
			ExecutionOrderSort (0ms)
			DisableScriptedObjects (5ms)
			BackupInstance (0ms)
			ReleaseScriptingObjects (0ms)
			CreateAndSetChildDomain (43ms)
		EndReloadAssembly (1527ms)
			LoadAssemblies (166ms)
			RebuildTransferFunctionScriptingTraits (0ms)
			SetupTypeCache (448ms)
			ReleaseScriptCaches (1ms)
			RebuildScriptCaches (56ms)
			SetupLoadedEditorAssemblies (732ms)
				LogAssemblyErrors (0ms)
				InitializePlatformSupportModulesInManaged (6ms)
				SetLoadedEditorAssemblies (0ms)
				RefreshPlugins (1ms)
				BeforeProcessingInitializeOnLoad (113ms)
				ProcessInitializeOnLoadAttributes (601ms)
				ProcessInitializeOnLoadMethodAttributes (7ms)
				AfterProcessingInitializeOnLoad (3ms)
				EditorAssembliesLoaded (0ms)
			ExecutionOrderSort2 (0ms)
			AwakeInstancesAfterBackupRestoration (8ms)
Platform modules already initialized, skipping
Refreshing native plugins compatible for Editor in 4.93 ms, found 4 plugins.
Preloading 0 native plugins for Editor in 0.00 ms.
Unloading 3477 Unused Serialized files (Serialized files now loaded: 0)
System memory in use before: 130.5 MB.
System memory in use after: 130.8 MB.

Unloading 30 unused Assets to reduce memory usage. Loaded Objects now: 3904.
Total: 10.077400 ms (FindLiveObjects: 0.985800 ms CreateObjectMapping: 0.547000 ms MarkObjects: 8.305600 ms  DeleteObjects: 0.229700 ms)

AssetImportParameters requested are different than current active one (requested -> active):
  custom:framework-win-MediaFoundation: 216162199b28c13a410421893ffa2e32 -> 
  custom:video-decoder-ogg-theora: a1e56fd34408186e4bbccfd4996cb3dc -> 
  custom:container-muxer-webm: aa71ff27fc2769a1b78a27578f13a17b -> 
  custom:container-demuxer-webm: 4f35f7cbe854078d1ac9338744f61a02 -> 
  custom:container-demuxer-ogg: 62fdf1f143b41e24485cea50d1cbac27 -> 
  custom:video-encoder-webm-vp8: eb34c28f22e8b96e1ab97ce403110664 -> 
  custom:video-decoder-webm-vp8: 9c59270c3fd7afecdb556c50c9e8de78 -> 
  custom:audio-decoder-ogg-vorbis: bf7c407c2cedff20999df2af8eb42d56 -> 
  custom:audio-encoder-webm-vorbis: bf7c407c2cedff20999df2af8eb42d56 -> 
AssetImportWorkerClient::OnTransportError - code=2 error=End of file
